<?xml version="1.0" encoding="UTF-8"?>
<testng-results ignored="0" total="3" passed="3" failed="0" skipped="0">
  <reporter-output>
  </reporter-output>
  <suite started-at="2023-10-06T17:34:22 PKT" name="Default suite" finished-at="2023-10-06T17:34:25 PKT" duration-ms="2492">
    <groups>
    </groups>
    <test started-at="2023-10-06T17:34:22 PKT" name="Default test" finished-at="2023-10-06T17:34:25 PKT" duration-ms="2492">
      <class name="tests.TC001">
        <test-method signature="Approach1()[pri:0, instance:tests.TC001@333291e3]" started-at="2023-10-06T17:34:22 PKT" name="Approach1" finished-at="2023-10-06T17:34:24 PKT" duration-ms="1611" status="PASS">
          <reporter-output>
          </reporter-output>
        </test-method> <!-- Approach1 -->
        <test-method signature="Approach2()[pri:0, instance:tests.TC001@333291e3]" started-at="2023-10-06T17:34:24 PKT" name="Approach2" finished-at="2023-10-06T17:34:24 PKT" duration-ms="694" status="PASS">
          <reporter-output>
          </reporter-output>
        </test-method> <!-- Approach2 -->
        <test-method signature="test_1()[pri:0, instance:tests.TC001@333291e3]" started-at="2023-10-06T17:34:24 PKT" name="test_1" finished-at="2023-10-06T17:34:25 PKT" duration-ms="146" status="PASS">
          <reporter-output>
          </reporter-output>
        </test-method> <!-- test_1 -->
      </class> <!-- tests.TC001 -->
    </test> <!-- Default test -->
  </suite> <!-- Default suite -->
</testng-results>
